<?xml version="1.0" encoding="UTF-8"?>
<!-- Generated by org.testng.reporters.JUnitReportReporter -->
<testsuite hostname="Aishwarya" failures="0" tests="1" name="login.TC_DWS_001_Test" time="16.825" errors="0" timestamp="2024-07-17T21:31:02 IST" skipped="0">
  <testcase classname="login.TC_DWS_001_Test" name="login" time="16.825"/>
  <system-out>
    <![CDATA[User has logged in successfully]]>
  </system-out>
</testsuite> <!-- login.TC_DWS_001_Test -->
